The system is: Windows - 10.0.19041 - AMD64
Compiling the CUDA compiler identification source file "CMakeCUDACompilerId.cu" succeeded.
Compiler:  
Build flags: 
Id flags: --keep;--keep-dir;tmp -v

The output was:
0
Microsoft (R) Build Engine version 16.6.0+5ff7b0c9e for .NET Framework
Copyright (C) Microsoft Corporation. All rights reserved.

Build started 12/14/2020 4:40:16 PM.
Project "D:\project\darknet\CMakeFiles\CheckCUDA\CMakeFiles\3.18.0-rc4\CompilerIdCUDA\CompilerIdCUDA.vcxproj" on node 1 (default targets).
PrepareForBuild:
  Creating directory "Debug\".
  Creating directory "Debug\CompilerIdCUDA.tlog\".
InitializeBuildStatus:
  Creating "Debug\CompilerIdCUDA.tlog\unsuccessfulbuild" because "AlwaysCreate" was specified.
AddCudaCompileDeps:
  C:\Program Files (x86)\Microsoft Visual Studio\2019\Community\VC\Tools\MSVC\14.26.28801\bin\HostX64\x64\cl.exe /E /nologo /showIncludes /TP /D__CUDACC__ /D_MBCS /I"C:\Program Files\NVIDIA GPU Computing Toolkit\CUDA\v11.0\include" /I"C:\Program Files\NVIDIA GPU Computing Toolkit\CUDA\v11.0\bin" /I"C:\Program Files\NVIDIA GPU Computing Toolkit\CUDA\v11.0\include" /I. /FIcuda_runtime.h /c D:\project\darknet\CMakeFiles\CheckCUDA\CMakeFiles\3.18.0-rc4\CompilerIdCUDA\CMakeCUDACompilerId.cu 
Project "D:\project\darknet\CMakeFiles\CheckCUDA\CMakeFiles\3.18.0-rc4\CompilerIdCUDA\CompilerIdCUDA.vcxproj" (1) is building "D:\project\darknet\CMakeFiles\CheckCUDA\CMakeFiles\3.18.0-rc4\CompilerIdCUDA\CompilerIdCUDA.vcxproj" (1:2) on node 1 (CudaBuildCore target(s)).
CudaBuildCore:
  Compiling CUDA source file CMakeCUDACompilerId.cu...
  cmd.exe /C "C:\Users\danie\AppData\Local\Temp\tmpd42e0b1893f34160b52f7f2e466a69c5.cmd"
  "C:\Program Files\NVIDIA GPU Computing Toolkit\CUDA\v11.0\bin\nvcc.exe" -gencode=arch=compute_52,code=\"sm_52,compute_52\" --use-local-env -ccbin "C:\Program Files (x86)\Microsoft Visual Studio\2019\Community\VC\Tools\MSVC\14.26.28801\bin\HostX64\x64" -x cu   -I"C:\Program Files\NVIDIA GPU Computing Toolkit\CUDA\v11.0\include" -I"C:\Program Files\NVIDIA GPU Computing Toolkit\CUDA\v11.0\include"  -G   --keep-dir x64\Debug -maxrregcount=0  --machine 64 --compile -cudart static -v -g   -D_MBCS -Xcompiler "/EHsc /W0 /nologo /Od /FdDebug\vc142.pdb /FS /Zi /RTC1 /MDd " -o Debug\CMakeCUDACompilerId.cu.obj "D:\project\darknet\CMakeFiles\CheckCUDA\CMakeFiles\3.18.0-rc4\CompilerIdCUDA\CMakeCUDACompilerId.cu"
  
  D:\project\darknet\CMakeFiles\CheckCUDA\CMakeFiles\3.18.0-rc4\CompilerIdCUDA>"C:\Program Files\NVIDIA GPU Computing Toolkit\CUDA\v11.0\bin\nvcc.exe" -gencode=arch=compute_52,code=\"sm_52,compute_52\" --use-local-env -ccbin "C:\Program Files (x86)\Microsoft Visual Studio\2019\Community\VC\Tools\MSVC\14.26.28801\bin\HostX64\x64" -x cu   -I"C:\Program Files\NVIDIA GPU Computing Toolkit\CUDA\v11.0\include" -I"C:\Program Files\NVIDIA GPU Computing Toolkit\CUDA\v11.0\include"  -G   --keep-dir x64\Debug -maxrregcount=0  --machine 64 --compile -cudart static -v -g   -D_MBCS -Xcompiler "/EHsc /W0 /nologo /Od /FdDebug\vc142.pdb /FS /Zi /RTC1 /MDd " -o Debug\CMakeCUDACompilerId.cu.obj "D:\project\darknet\CMakeFiles\CheckCUDA\CMakeFiles\3.18.0-rc4\CompilerIdCUDA\CMakeCUDACompilerId.cu" 
  #$ _NVVM_BRANCH_=nvvm
  #$ _SPACE_= 
  #$ _CUDART_=cudart
  #$ _HERE_=C:\Program Files\NVIDIA GPU Computing Toolkit\CUDA\v11.0\bin
  #$ _THERE_=C:\Program Files\NVIDIA GPU Computing Toolkit\CUDA\v11.0\bin
  #$ _TARGET_SIZE_=
  #$ _TARGET_DIR_=
  #$ _TARGET_SIZE_=64
  #$ _WIN_PLATFORM_=x64
  #$ TOP=C:\Program Files\NVIDIA GPU Computing Toolkit\CUDA\v11.0\bin/..
  #$ NVVMIR_LIBRARY_DIR=C:\Program Files\NVIDIA GPU Computing Toolkit\CUDA\v11.0\bin/../nvvm/libdevice
  #$ PATH=C:\Program Files\NVIDIA GPU Computing Toolkit\CUDA\v11.0\bin/../nvvm/bin;C:\Program Files\NVIDIA GPU Computing Toolkit\CUDA\v11.0\bin;C:\Program Files\NVIDIA GPU Computing Toolkit\CUDA\v11.0\bin/../lib;C:\Program Files (x86)\Microsoft Visual Studio\2019\Community\VC\Tools\MSVC\14.26.28801\bin\HostX64\x64;C:\Program Files (x86)\Windows Kits\10\bin\10.0.18362.0\x64;;C:\Program Files (x86)\Windows Kits\10\bin\10.0.18362.0\x86;;C:\Program Files (x86)\Microsoft Visual Studio\2019\Community\Common7\tools;C:\Program Files (x86)\Microsoft Visual Studio\2019\Community\Common7\ide;C:\Program Files (x86)\HTML Help Workshop;;C:\Program Files (x86)\Microsoft Visual Studio\2019\Community\MSBuild\Current\Bin;C:\Windows\Microsoft.NET\Framework64\v4.0.30319\;C:\Windows\Microsoft.NET\Framework\v4.0.30319\;C:\Program Files (x86)\Microsoft Visual Studio\2019\Community\MSBuild\Current\Bin;C:\Windows\Microsoft.NET\Framework\v4.0.30319\;;C:\Program Files\NVIDIA GPU Computing Toolkit\CUDA\v11.0\bin;C:\Program Files\NVIDIA GPU Computing Toolkit\CUDA\v11.0\libnvvp;;C:\ProgramData\Oracle\Java\javapath;C:\Windows\system32;C:\Windows;C:\Windows\System32\Wbem;C:\Windows\System32\WindowsPowerShell\v1.0\;C:\Windows\System32\OpenSSH\;C:\Program Files\TortoiseGit\bin;D:\opencv\build\x64\vc14\bin;C:\Program Files\NVIDIA Corporation\Nsight Compute 2020.1.2\;C:\Program Files (x86)\NVIDIA Corporation\PhysX\Common;C:\Program Files\NVIDIA Corporation\NVIDIA NvDLISR;C:\Program Files\Git\cmd;C:\Program Files\PuTTY\;C:\Users\danie\AppData\Local\Programs\Python\Python36\Scripts\;C:\Users\danie\AppData\Local\Programs\Python\Python36\;C:\Users\danie\AppData\Local\Microsoft\WindowsApps;C:\Program Files\heroku\bin;C:\ffmpeg;;
  #$ INCLUDES="-IC:\Program Files\NVIDIA GPU Computing Toolkit\CUDA\v11.0\bin/../include"  
  #$ LIBRARIES=  "/LIBPATH:C:\Program Files\NVIDIA GPU Computing Toolkit\CUDA\v11.0\bin/../lib/x64"
  #$ CUDAFE_FLAGS=--sdk_dir "C:\Program Files (x86)\Windows Kits\10"
  #$ PTXAS_FLAGS=
  CMakeCUDACompilerId.cu
  #$ cl.exe @"C:\Users\danie\AppData\Local\Temp/tmpxft_000038fc_00000000-9.res" > "C:/Users/danie/AppData/Local/Temp/tmpxft_000038fc_00000000-8_CMakeCUDACompilerId.cpp1.ii" 
  CMakeCUDACompilerId.cu
  #$ erase C:\Users\danie\AppData\Local\Temp/tmpxft_000038fc_00000000-9.res
  #$ cicc --microsoft_version=1926 --msvc_target_version=1926 --compiler_bindir "C:/Program Files (x86)/Microsoft Visual Studio/2019/Community/VC/Tools/MSVC/14.26.28801/bin/HostX64/x64/../../../../../../.." --orig_src_file_name "D:/project/darknet/CMakeFiles/CheckCUDA/CMakeFiles/3.18.0-rc4/CompilerIdCUDA/CMakeCUDACompilerId.cu" --allow_managed --debug_mode --sdk_dir "C:\Program Files (x86)\Windows Kits\10"  -arch compute_52 -m64 -ftz=0 -prec_div=1 -prec_sqrt=1 -fmad=1 --include_file_name "tmpxft_000038fc_00000000-4_CMakeCUDACompilerId.fatbin.c" -g -O0 -tused -nvvmir-library "C:\Program Files\NVIDIA GPU Computing Toolkit\CUDA\v11.0\bin/../nvvm/libdevice/libdevice.10.bc" --gen_module_id_file --module_id_file_name "C:/Users/danie/AppData/Local/Temp/tmpxft_000038fc_00000000-5_CMakeCUDACompilerId.module_id" --gen_c_file_name "C:/Users/danie/AppData/Local/Temp/tmpxft_000038fc_00000000-7_CMakeCUDACompilerId.cudafe1.c" --stub_file_name "C:/Users/danie/AppData/Local/Temp/tmpxft_000038fc_00000000-7_CMakeCUDACompilerId.cudafe1.stub.c" --gen_device_file_name "C:/Users/danie/AppData/Local/Temp/tmpxft_000038fc_00000000-7_CMakeCUDACompilerId.cudafe1.gpu"  "C:/Users/danie/AppData/Local/Temp/tmpxft_000038fc_00000000-8_CMakeCUDACompilerId.cpp1.ii" -o "C:/Users/danie/AppData/Local/Temp/tmpxft_000038fc_00000000-7_CMakeCUDACompilerId.ptx"
  #$ ptxas -arch=sm_52 -m64 -g --dont-merge-basicblocks --return-at-end "C:/Users/danie/AppData/Local/Temp/tmpxft_000038fc_00000000-7_CMakeCUDACompilerId.ptx"  -o "C:/Users/danie/AppData/Local/Temp/tmpxft_000038fc_00000000-10_CMakeCUDACompilerId.sm_52.cubin" 
  #$ fatbinary -64 --ident="D:/project/darknet/CMakeFiles/CheckCUDA/CMakeFiles/3.18.0-rc4/CompilerIdCUDA/CMakeCUDACompilerId.cu" --cmdline="-g --dont-merge-basicblocks --return-at-end " --cicc-cmdline="-ftz=0 -prec_div=1 -prec_sqrt=1 -fmad=1 " -g "--image3=kind=elf,sm=52,file=C:/Users/danie/AppData/Local/Temp/tmpxft_000038fc_00000000-10_CMakeCUDACompilerId.sm_52.cubin" "--image3=kind=ptx,sm=52,file=C:/Users/danie/AppData/Local/Temp/tmpxft_000038fc_00000000-7_CMakeCUDACompilerId.ptx" --embedded-fatbin="C:/Users/danie/AppData/Local/Temp/tmpxft_000038fc_00000000-4_CMakeCUDACompilerId.fatbin.c" 
  #$ erase C:/Users/danie/AppData/Local/Temp/tmpxft_000038fc_00000000-4_CMakeCUDACompilerId.fatbin
  #$ cl.exe @"C:\Users\danie\AppData\Local\Temp/tmpxft_000038fc_00000000-11.res" > "C:/Users/danie/AppData/Local/Temp/tmpxft_000038fc_00000000-6_CMakeCUDACompilerId.cpp4.ii" 
  CMakeCUDACompilerId.cu
  #$ erase C:\Users\danie\AppData\Local\Temp/tmpxft_000038fc_00000000-11.res
  #$ cudafe++ --microsoft_version=1926 --msvc_target_version=1926 --compiler_bindir "C:/Program Files (x86)/Microsoft Visual Studio/2019/Community/VC/Tools/MSVC/14.26.28801/bin/HostX64/x64/../../../../../../.." --orig_src_file_name "D:/project/darknet/CMakeFiles/CheckCUDA/CMakeFiles/3.18.0-rc4/CompilerIdCUDA/CMakeCUDACompilerId.cu" --allow_managed --debug_mode --sdk_dir "C:\Program Files (x86)\Windows Kits\10" --m64 --parse_templates --gen_c_file_name "C:/Users/danie/AppData/Local/Temp/tmpxft_000038fc_00000000-7_CMakeCUDACompilerId.cudafe1.cpp" --stub_file_name "tmpxft_000038fc_00000000-7_CMakeCUDACompilerId.cudafe1.stub.c" --module_id_file_name "C:/Users/danie/AppData/Local/Temp/tmpxft_000038fc_00000000-5_CMakeCUDACompilerId.module_id" "C:/Users/danie/AppData/Local/Temp/tmpxft_000038fc_00000000-6_CMakeCUDACompilerId.cpp4.ii" 
  #$ cl.exe @"C:\Users\danie\AppData\Local\Temp/tmpxft_000038fc_00000000-12.res" -Fo"Debug/CMakeCUDACompilerId.cu.obj" 
  tmpxft_000038fc_00000000-7_CMakeCUDACompilerId.cudafe1.cpp
  #$ erase C:\Users\danie\AppData\Local\Temp/tmpxft_000038fc_00000000-12.res
Done Building Project "D:\project\darknet\CMakeFiles\CheckCUDA\CMakeFiles\3.18.0-rc4\CompilerIdCUDA\CompilerIdCUDA.vcxproj" (CudaBuildCore target(s)).
Link:
  C:\Program Files (x86)\Microsoft Visual Studio\2019\Community\VC\Tools\MSVC\14.26.28801\bin\HostX64\x64\link.exe /ERRORREPORT:QUEUE /OUT:".\CompilerIdCUDA.exe" /INCREMENTAL:NO /NOLOGO /LIBPATH:"C:\Program Files\NVIDIA GPU Computing Toolkit\CUDA\v11.0\lib\x64" cudart_static.lib /MANIFEST /MANIFESTUAC:"level='asInvoker' uiAccess='false'" /manifest:embed /PDB:".\CompilerIdCUDA.pdb" /SUBSYSTEM:CONSOLE /TLBID:1 /DYNAMICBASE /NXCOMPAT /IMPLIB:".\CompilerIdCUDA.lib" /MACHINE:X64 Debug\CMakeCUDACompilerId.cu.obj
     Creating library .\CompilerIdCUDA.lib and object .\CompilerIdCUDA.exp
  CompilerIdCUDA.vcxproj -> D:\project\darknet\CMakeFiles\CheckCUDA\CMakeFiles\3.18.0-rc4\CompilerIdCUDA\.\CompilerIdCUDA.exe
PostBuildEvent:
  echo CMAKE_CUDA_COMPILER=C:\Program Files\NVIDIA GPU Computing Toolkit\CUDA\v11.0\bin\nvcc.exe
  :VCEnd
  CMAKE_CUDA_COMPILER=C:\Program Files\NVIDIA GPU Computing Toolkit\CUDA\v11.0\bin\nvcc.exe
FinalizeBuildStatus:
  Deleting file "Debug\CompilerIdCUDA.tlog\unsuccessfulbuild".
  Touching "Debug\CompilerIdCUDA.tlog\CompilerIdCUDA.lastbuildstate".
Done Building Project "D:\project\darknet\CMakeFiles\CheckCUDA\CMakeFiles\3.18.0-rc4\CompilerIdCUDA\CompilerIdCUDA.vcxproj" (default targets).

Build succeeded.
    0 Warning(s)
    0 Error(s)

Time Elapsed 00:00:04.25


Compilation of the CUDA compiler identification source "CMakeCUDACompilerId.cu" produced "CompilerIdCUDA.exe"

Compilation of the CUDA compiler identification source "CMakeCUDACompilerId.cu" produced "CompilerIdCUDA.exp"

Compilation of the CUDA compiler identification source "CMakeCUDACompilerId.cu" produced "CompilerIdCUDA.lib"

Compilation of the CUDA compiler identification source "CMakeCUDACompilerId.cu" produced "CompilerIdCUDA.vcxproj"

The CUDA compiler identification is NVIDIA, found in "D:/project/darknet/CMakeFiles/CheckCUDA/CMakeFiles/3.18.0-rc4/CompilerIdCUDA/CompilerIdCUDA.exe"

Parsed CUDA nvcc include information from above output:
  found 'INCLUDES=' string: ["-IC:\Program Files\NVIDIA GPU Computing Toolkit\CUDA\v11.0\bin/../include"  ]



Detecting CUDA compiler ABI info compiled with the following output:
Change Dir: D:/project/darknet/CMakeFiles/CheckCUDA/CMakeFiles/CMakeTmp

Run Build Command(s):C:/Program Files (x86)/Microsoft Visual Studio/2019/Community/MSBuild/Current/Bin/MSBuild.exe cmTC_1fca5.vcxproj /p:Configuration=Debug /p:Platform=x64 /p:VisualStudioVersion=16.0 /v:m && Microsoft (R) Build Engine version 16.6.0+5ff7b0c9e for .NET Framework
Copyright (C) Microsoft Corporation. All rights reserved.

  Compiling CUDA source file C:\Program Files\CMake\share\cmake-3.18\Modules\CMakeCUDACompilerABI.cu...
  
  D:\project\darknet\CMakeFiles\CheckCUDA\CMakeFiles\CMakeTmp>"C:\Program Files\NVIDIA GPU Computing Toolkit\CUDA\v11.0\bin\nvcc.exe" -gencode=arch=compute_52,code=\"compute_52,compute_52\" -gencode=arch=compute_52,code=\"sm_52,compute_52\" --use-local-env -ccbin "C:\Program Files (x86)\Microsoft Visual Studio\2019\Community\VC\Tools\MSVC\14.26.28801\bin\HostX64\x64" -x cu    -I"C:\Program Files\NVIDIA GPU Computing Toolkit\CUDA\v11.0\include"     --keep-dir x64\Debug -maxrregcount=0  --machine 64 --compile -cudart static -Xcompiler="/EHsc -Zi -Ob0 -v" -g   -D_WINDOWS -D"CMAKE_INTDIR=\"Debug\"" -D"CMAKE_INTDIR=\"Debug\"" -D_MBCS -Xcompiler "/EHsc /W1 /nologo /Od /FdcmTC_1fca5.dir\Debug\vc142.pdb /FS /Zi /RTC1 /MDd /GR" -o cmTC_1fca5.dir\Debug\CMakeCUDACompilerABI.obj "C:\Program Files\CMake\share\cmake-3.18\Modules\CMakeCUDACompilerABI.cu" 
cl : Command line warning D9002: ignoring unknown option '-v' [D:\project\darknet\CMakeFiles\CheckCUDA\CMakeFiles\CMakeTmp\cmTC_1fca5.vcxproj]
cl : Command line warning D9002: ignoring unknown option '-v' [D:\project\darknet\CMakeFiles\CheckCUDA\CMakeFiles\CMakeTmp\cmTC_1fca5.vcxproj]
  CMakeCUDACompilerABI.cu
cl : Command line warning D9002: ignoring unknown option '-v' [D:\project\darknet\CMakeFiles\CheckCUDA\CMakeFiles\CMakeTmp\cmTC_1fca5.vcxproj]
LINK : warning LNK4044: unrecognized option '/v'; ignored [D:\project\darknet\CMakeFiles\CheckCUDA\CMakeFiles\CMakeTmp\cmTC_1fca5.vcxproj]
     Creating library D:/project/darknet/CMakeFiles/CheckCUDA/CMakeFiles/CMakeTmp/Debug/cmTC_1fca5.lib and object D:/project/darknet/CMakeFiles/CheckCUDA/CMakeFiles/CMakeTmp/Debug/cmTC_1fca5.exp
  cmTC_1fca5.vcxproj -> D:\project\darknet\CMakeFiles\CheckCUDA\CMakeFiles\CMakeTmp\Debug\cmTC_1fca5.exe



Parsed CUDA implicit include dir info from above output: rv=start
  warn: unable to parse implicit include dirs!


Parsed CUDA implicit link information from above output:
  link line regex: [^( *|.*[/\])(CMAKE_LINKER-NOTFOUND|CMAKE_LINK_STARTFILE-NOTFOUND|([^/\]+-)?ld|collect2)[^/\]*( |$)]
  ignore line: [Change Dir: D:/project/darknet/CMakeFiles/CheckCUDA/CMakeFiles/CMakeTmp]
  ignore line: []
  ignore line: [Run Build Command(s):C:/Program Files (x86)/Microsoft Visual Studio/2019/Community/MSBuild/Current/Bin/MSBuild.exe cmTC_1fca5.vcxproj /p:Configuration=Debug /p:Platform=x64 /p:VisualStudioVersion=16.0 /v:m && Microsoft (R) Build Engine version 16.6.0+5ff7b0c9e for .NET Framework]
  ignore line: [Copyright (C) Microsoft Corporation. All rights reserved.]
  ignore line: []
  ignore line: [  Compiling CUDA source file C:\Program Files\CMake\share\cmake-3.18\Modules\CMakeCUDACompilerABI.cu...]
  ignore line: [  ]
  ignore line: [  D:\project\darknet\CMakeFiles\CheckCUDA\CMakeFiles\CMakeTmp>"C:\Program Files\NVIDIA GPU Computing Toolkit\CUDA\v11.0\bin\nvcc.exe" -gencode=arch=compute_52 code=\"compute_52 compute_52\" -gencode=arch=compute_52 code=\"sm_52 compute_52\" --use-local-env -ccbin "C:\Program Files (x86)\Microsoft Visual Studio\2019\Community\VC\Tools\MSVC\14.26.28801\bin\HostX64\x64" -x cu    -I"C:\Program Files\NVIDIA GPU Computing Toolkit\CUDA\v11.0\include"     --keep-dir x64\Debug -maxrregcount=0  --machine 64 --compile -cudart static -Xcompiler="/EHsc -Zi -Ob0 -v" -g   -D_WINDOWS -D"CMAKE_INTDIR=\"Debug\"" -D"CMAKE_INTDIR=\"Debug\"" -D_MBCS -Xcompiler "/EHsc /W1 /nologo /Od /FdcmTC_1fca5.dir\Debug\vc142.pdb /FS /Zi /RTC1 /MDd /GR" -o cmTC_1fca5.dir\Debug\CMakeCUDACompilerABI.obj "C:\Program Files\CMake\share\cmake-3.18\Modules\CMakeCUDACompilerABI.cu" ]
  ignore line: [cl : Command line warning D9002: ignoring unknown option '-v' [D:\project\darknet\CMakeFiles\CheckCUDA\CMakeFiles\CMakeTmp\cmTC_1fca5.vcxproj]]
  ignore line: [cl : Command line warning D9002: ignoring unknown option '-v' [D:\project\darknet\CMakeFiles\CheckCUDA\CMakeFiles\CMakeTmp\cmTC_1fca5.vcxproj]]
  ignore line: [  CMakeCUDACompilerABI.cu]
  ignore line: [cl : Command line warning D9002: ignoring unknown option '-v' [D:\project\darknet\CMakeFiles\CheckCUDA\CMakeFiles\CMakeTmp\cmTC_1fca5.vcxproj]]
  ignore line: [LINK : warning LNK4044: unrecognized option '/v']
  ignore line: [ ignored [D:\project\darknet\CMakeFiles\CheckCUDA\CMakeFiles\CMakeTmp\cmTC_1fca5.vcxproj]]
  ignore line: [     Creating library D:/project/darknet/CMakeFiles/CheckCUDA/CMakeFiles/CMakeTmp/Debug/cmTC_1fca5.lib and object D:/project/darknet/CMakeFiles/CheckCUDA/CMakeFiles/CMakeTmp/Debug/cmTC_1fca5.exp]
  ignore line: [  cmTC_1fca5.vcxproj -> D:\project\darknet\CMakeFiles\CheckCUDA\CMakeFiles\CMakeTmp\Debug\cmTC_1fca5.exe]
  ignore line: []
  ignore line: []
  implicit libs: []
  implicit dirs: []
  implicit fwks: []


